26-Feb-2021 14:04:16 INFO Selected mainshop: Broz Mart
26-Feb-2021 14:04:16 INFO Looking for shop: Broz Mart
26-Feb-2021 14:04:16 INFO Found shop
26-Feb-2021 14:04:16 INFO Sending email to: Broz Mart
26-Feb-2021 14:04:16 INFO Selected mainshop: Almaya JLT
26-Feb-2021 14:04:16 INFO Looking for shop: Broz Mart
26-Feb-2021 14:04:16 WARNING Shop name not found
26-Feb-2021 14:04:16 INFO Looking for shop: Almaya JLT
26-Feb-2021 14:04:16 INFO Found shop
26-Feb-2021 14:04:16 INFO Selected mainshop: Almaya Al Barsha
26-Feb-2021 14:04:16 INFO Looking for shop: Broz Mart
26-Feb-2021 14:04:16 WARNING Shop name not found
26-Feb-2021 14:04:16 INFO Looking for shop: Almaya JLT
26-Feb-2021 14:04:16 WARNING Shop name not found
26-Feb-2021 14:04:16 INFO Looking for shop: Almaya Al Barsha
26-Feb-2021 14:04:16 INFO Found shop
26-Feb-2021 14:04:16 INFO Selected mainshop: Almaya Burjuman
26-Feb-2021 14:04:16 INFO Looking for shop: Broz Mart
26-Feb-2021 14:04:16 WARNING Shop name not found
26-Feb-2021 14:04:16 INFO Looking for shop: Almaya JLT
26-Feb-2021 14:04:16 WARNING Shop name not found
26-Feb-2021 14:04:16 INFO Looking for shop: Almaya Al Barsha
26-Feb-2021 14:04:16 WARNING Shop name not found
26-Feb-2021 14:04:16 INFO Looking for shop: Almaya Burjuman
26-Feb-2021 14:04:16 INFO Found shop
26-Feb-2021 14:04:16 INFO Sending email to: Almaya
26-Feb-2021 14:04:16 INFO Selected mainshop: Sprouts
26-Feb-2021 14:04:16 INFO Looking for shop: Broz Mart
26-Feb-2021 14:04:16 WARNING Shop name not found
26-Feb-2021 14:04:16 INFO Looking for shop: Almaya JLT
26-Feb-2021 14:04:16 WARNING Shop name not found
26-Feb-2021 14:04:16 INFO Looking for shop: Almaya Al Barsha
26-Feb-2021 14:04:16 WARNING Shop name not found
26-Feb-2021 14:04:16 INFO Looking for shop: Almaya Burjuman
26-Feb-2021 14:04:16 WARNING Shop name not found
26-Feb-2021 14:04:16 INFO Looking for shop: Sprouts
26-Feb-2021 14:04:16 INFO Found shop
26-Feb-2021 14:04:16 INFO Sending email to: Sprouts
26-Feb-2021 14:05:02 INFO Selected mainshop: Broz Mart
26-Feb-2021 14:05:02 INFO Looking for shop: Broz Mart
26-Feb-2021 14:05:02 INFO Found shop
26-Feb-2021 14:05:02 INFO Sending email to: Broz Mart
26-Feb-2021 14:05:02 INFO Selected mainshop: Almaya JLT
26-Feb-2021 14:05:02 INFO Looking for shop: Broz Mart
26-Feb-2021 14:05:02 WARNING Shop name not found
26-Feb-2021 14:05:02 INFO Looking for shop: Almaya JLT
26-Feb-2021 14:05:02 INFO Found shop
26-Feb-2021 14:05:02 INFO Selected mainshop: Almaya Al Barsha
26-Feb-2021 14:05:02 INFO Looking for shop: Broz Mart
26-Feb-2021 14:05:02 WARNING Shop name not found
26-Feb-2021 14:05:02 INFO Looking for shop: Almaya JLT
26-Feb-2021 14:05:02 WARNING Shop name not found
26-Feb-2021 14:05:02 INFO Looking for shop: Almaya Al Barsha
26-Feb-2021 14:05:02 INFO Found shop
26-Feb-2021 14:05:02 INFO Selected mainshop: Almaya Burjuman
26-Feb-2021 14:05:02 INFO Looking for shop: Broz Mart
26-Feb-2021 14:05:02 WARNING Shop name not found
26-Feb-2021 14:05:02 INFO Looking for shop: Almaya JLT
26-Feb-2021 14:05:02 WARNING Shop name not found
26-Feb-2021 14:05:02 INFO Looking for shop: Almaya Al Barsha
26-Feb-2021 14:05:02 WARNING Shop name not found
26-Feb-2021 14:05:02 INFO Looking for shop: Almaya Burjuman
26-Feb-2021 14:05:02 INFO Found shop
26-Feb-2021 14:05:02 INFO Sending email to: Almaya
26-Feb-2021 14:05:02 INFO Selected mainshop: Sprouts
26-Feb-2021 14:05:02 INFO Looking for shop: Broz Mart
26-Feb-2021 14:05:02 WARNING Shop name not found
26-Feb-2021 14:05:02 INFO Looking for shop: Almaya JLT
26-Feb-2021 14:05:02 WARNING Shop name not found
26-Feb-2021 14:05:02 INFO Looking for shop: Almaya Al Barsha
26-Feb-2021 14:05:02 WARNING Shop name not found
26-Feb-2021 14:05:02 INFO Looking for shop: Almaya Burjuman
26-Feb-2021 14:05:02 WARNING Shop name not found
26-Feb-2021 14:05:02 INFO Looking for shop: Sprouts
26-Feb-2021 14:05:02 INFO Found shop
26-Feb-2021 14:05:02 INFO Sending email to: Sprouts
26-Feb-2021 14:05:53 INFO 
26-Feb-2021 14:05:53 INFO Process Initiated
26-Feb-2021 14:05:53 INFO Selected mainshop: Broz Mart
26-Feb-2021 14:05:53 INFO Looking for shop: Broz Mart
26-Feb-2021 14:05:53 INFO Found shop
26-Feb-2021 14:05:53 INFO Sending email to: Broz Mart
26-Feb-2021 14:05:53 INFO Selected mainshop: Almaya JLT
26-Feb-2021 14:05:53 INFO Looking for shop: Broz Mart
26-Feb-2021 14:05:53 WARNING Shop name not found
26-Feb-2021 14:05:53 INFO Looking for shop: Almaya JLT
26-Feb-2021 14:05:53 INFO Found shop
26-Feb-2021 14:05:53 INFO Selected mainshop: Almaya Al Barsha
26-Feb-2021 14:05:53 INFO Looking for shop: Broz Mart
26-Feb-2021 14:05:53 WARNING Shop name not found
26-Feb-2021 14:05:53 INFO Looking for shop: Almaya JLT
26-Feb-2021 14:05:53 WARNING Shop name not found
26-Feb-2021 14:05:53 INFO Looking for shop: Almaya Al Barsha
26-Feb-2021 14:05:53 INFO Found shop
26-Feb-2021 14:05:53 INFO Selected mainshop: Almaya Burjuman
26-Feb-2021 14:05:53 INFO Looking for shop: Broz Mart
26-Feb-2021 14:05:53 WARNING Shop name not found
26-Feb-2021 14:05:53 INFO Looking for shop: Almaya JLT
26-Feb-2021 14:05:53 WARNING Shop name not found
26-Feb-2021 14:05:53 INFO Looking for shop: Almaya Al Barsha
26-Feb-2021 14:05:53 WARNING Shop name not found
26-Feb-2021 14:05:53 INFO Looking for shop: Almaya Burjuman
26-Feb-2021 14:05:53 INFO Found shop
26-Feb-2021 14:05:53 INFO Sending email to: Almaya
26-Feb-2021 14:05:53 INFO Selected mainshop: Sprouts
26-Feb-2021 14:05:53 INFO Looking for shop: Broz Mart
26-Feb-2021 14:05:53 WARNING Shop name not found
26-Feb-2021 14:05:53 INFO Looking for shop: Almaya JLT
26-Feb-2021 14:05:53 WARNING Shop name not found
26-Feb-2021 14:05:53 INFO Looking for shop: Almaya Al Barsha
26-Feb-2021 14:05:53 WARNING Shop name not found
26-Feb-2021 14:05:53 INFO Looking for shop: Almaya Burjuman
26-Feb-2021 14:05:53 WARNING Shop name not found
26-Feb-2021 14:05:53 INFO Looking for shop: Sprouts
26-Feb-2021 14:05:53 INFO Found shop
26-Feb-2021 14:05:53 INFO Sending email to: Sprouts
26-Feb-2021 14:06:18 INFO /n
26-Feb-2021 14:06:18 INFO Process Initiated
26-Feb-2021 14:06:18 INFO Selected mainshop: Broz Mart
26-Feb-2021 14:06:18 INFO Looking for shop: Broz Mart
26-Feb-2021 14:06:18 INFO Found shop
26-Feb-2021 14:06:18 INFO Sending email to: Broz Mart
26-Feb-2021 14:06:18 INFO Selected mainshop: Almaya JLT
26-Feb-2021 14:06:18 INFO Looking for shop: Broz Mart
26-Feb-2021 14:06:18 WARNING Shop name not found
26-Feb-2021 14:06:18 INFO Looking for shop: Almaya JLT
26-Feb-2021 14:06:18 INFO Found shop
26-Feb-2021 14:06:18 INFO Selected mainshop: Almaya Al Barsha
26-Feb-2021 14:06:18 INFO Looking for shop: Broz Mart
26-Feb-2021 14:06:18 WARNING Shop name not found
26-Feb-2021 14:06:18 INFO Looking for shop: Almaya JLT
26-Feb-2021 14:06:18 WARNING Shop name not found
26-Feb-2021 14:06:18 INFO Looking for shop: Almaya Al Barsha
26-Feb-2021 14:06:18 INFO Found shop
26-Feb-2021 14:06:18 INFO Selected mainshop: Almaya Burjuman
26-Feb-2021 14:06:18 INFO Looking for shop: Broz Mart
26-Feb-2021 14:06:18 WARNING Shop name not found
26-Feb-2021 14:06:18 INFO Looking for shop: Almaya JLT
26-Feb-2021 14:06:18 WARNING Shop name not found
26-Feb-2021 14:06:18 INFO Looking for shop: Almaya Al Barsha
26-Feb-2021 14:06:18 WARNING Shop name not found
26-Feb-2021 14:06:18 INFO Looking for shop: Almaya Burjuman
26-Feb-2021 14:06:18 INFO Found shop
26-Feb-2021 14:06:18 INFO Sending email to: Almaya
26-Feb-2021 14:06:18 INFO Selected mainshop: Sprouts
26-Feb-2021 14:06:18 INFO Looking for shop: Broz Mart
26-Feb-2021 14:06:18 WARNING Shop name not found
26-Feb-2021 14:06:18 INFO Looking for shop: Almaya JLT
26-Feb-2021 14:06:18 WARNING Shop name not found
26-Feb-2021 14:06:18 INFO Looking for shop: Almaya Al Barsha
26-Feb-2021 14:06:18 WARNING Shop name not found
26-Feb-2021 14:06:18 INFO Looking for shop: Almaya Burjuman
26-Feb-2021 14:06:18 WARNING Shop name not found
26-Feb-2021 14:06:18 INFO Looking for shop: Sprouts
26-Feb-2021 14:06:18 INFO Found shop
26-Feb-2021 14:06:18 INFO Sending email to: Sprouts
26-Feb-2021 14:06:26 INFO 
26-Feb-2021 14:06:26 INFO Process Initiated
26-Feb-2021 14:06:26 INFO Selected mainshop: Broz Mart
26-Feb-2021 14:06:26 INFO Looking for shop: Broz Mart
26-Feb-2021 14:06:26 INFO Found shop
26-Feb-2021 14:06:26 INFO Sending email to: Broz Mart
26-Feb-2021 14:06:26 INFO Selected mainshop: Almaya JLT
26-Feb-2021 14:06:26 INFO Looking for shop: Broz Mart
26-Feb-2021 14:06:26 WARNING Shop name not found
26-Feb-2021 14:06:26 INFO Looking for shop: Almaya JLT
26-Feb-2021 14:06:26 INFO Found shop
26-Feb-2021 14:06:26 INFO Selected mainshop: Almaya Al Barsha
26-Feb-2021 14:06:26 INFO Looking for shop: Broz Mart
26-Feb-2021 14:06:26 WARNING Shop name not found
26-Feb-2021 14:06:26 INFO Looking for shop: Almaya JLT
26-Feb-2021 14:06:26 WARNING Shop name not found
26-Feb-2021 14:06:26 INFO Looking for shop: Almaya Al Barsha
26-Feb-2021 14:06:26 INFO Found shop
26-Feb-2021 14:06:26 INFO Selected mainshop: Almaya Burjuman
26-Feb-2021 14:06:26 INFO Looking for shop: Broz Mart
26-Feb-2021 14:06:26 WARNING Shop name not found
26-Feb-2021 14:06:26 INFO Looking for shop: Almaya JLT
26-Feb-2021 14:06:26 WARNING Shop name not found
26-Feb-2021 14:06:26 INFO Looking for shop: Almaya Al Barsha
26-Feb-2021 14:06:26 WARNING Shop name not found
26-Feb-2021 14:06:26 INFO Looking for shop: Almaya Burjuman
26-Feb-2021 14:06:26 INFO Found shop
26-Feb-2021 14:06:26 INFO Sending email to: Almaya
26-Feb-2021 14:06:26 INFO Selected mainshop: Sprouts
26-Feb-2021 14:06:26 INFO Looking for shop: Broz Mart
26-Feb-2021 14:06:26 WARNING Shop name not found
26-Feb-2021 14:06:26 INFO Looking for shop: Almaya JLT
26-Feb-2021 14:06:26 WARNING Shop name not found
26-Feb-2021 14:06:26 INFO Looking for shop: Almaya Al Barsha
26-Feb-2021 14:06:26 WARNING Shop name not found
26-Feb-2021 14:06:26 INFO Looking for shop: Almaya Burjuman
26-Feb-2021 14:06:26 WARNING Shop name not found
26-Feb-2021 14:06:26 INFO Looking for shop: Sprouts
26-Feb-2021 14:06:26 INFO Found shop
26-Feb-2021 14:06:26 INFO Sending email to: Sprouts
05-Mar-2021 14:25:58 INFO 
05-Mar-2021 14:25:58 INFO Process Initiated
05-Mar-2021 14:25:58 INFO Selected mainshop: Broz Mart
05-Mar-2021 14:25:58 INFO Looking for shop: Broz Mart
05-Mar-2021 14:25:58 INFO Found shop
05-Mar-2021 14:25:58 INFO Sending email to: Broz Mart
05-Mar-2021 14:25:58 INFO Selected mainshop: Almaya JLT
05-Mar-2021 14:25:58 INFO Looking for shop: Broz Mart
05-Mar-2021 14:25:58 WARNING Shop name not found
05-Mar-2021 14:25:58 INFO Looking for shop: Almaya JLT
05-Mar-2021 14:25:58 INFO Found shop
05-Mar-2021 14:25:58 INFO Selected mainshop: Almaya Al Barsha
05-Mar-2021 14:25:58 INFO Looking for shop: Broz Mart
05-Mar-2021 14:25:58 WARNING Shop name not found
05-Mar-2021 14:25:58 INFO Looking for shop: Almaya JLT
05-Mar-2021 14:25:58 WARNING Shop name not found
05-Mar-2021 14:25:58 INFO Looking for shop: Almaya Al Barsha
05-Mar-2021 14:25:58 INFO Found shop
05-Mar-2021 14:25:58 INFO Selected mainshop: Almaya Burjuman
05-Mar-2021 14:25:58 INFO Looking for shop: Broz Mart
05-Mar-2021 14:25:58 WARNING Shop name not found
05-Mar-2021 14:25:58 INFO Looking for shop: Almaya JLT
05-Mar-2021 14:25:58 WARNING Shop name not found
05-Mar-2021 14:25:58 INFO Looking for shop: Almaya Al Barsha
05-Mar-2021 14:25:58 WARNING Shop name not found
05-Mar-2021 14:25:58 INFO Looking for shop: Almaya Burjuman
05-Mar-2021 14:25:58 INFO Found shop
05-Mar-2021 14:25:58 INFO Sending email to: Almaya
05-Mar-2021 14:25:58 INFO Selected mainshop: Sprouts
05-Mar-2021 14:25:58 INFO Looking for shop: Broz Mart
05-Mar-2021 14:25:58 WARNING Shop name not found
05-Mar-2021 14:25:58 INFO Looking for shop: Almaya JLT
05-Mar-2021 14:25:58 WARNING Shop name not found
05-Mar-2021 14:25:58 INFO Looking for shop: Almaya Al Barsha
05-Mar-2021 14:25:58 WARNING Shop name not found
05-Mar-2021 14:25:58 INFO Looking for shop: Almaya Burjuman
05-Mar-2021 14:25:58 WARNING Shop name not found
05-Mar-2021 14:25:58 INFO Looking for shop: Sprouts
05-Mar-2021 14:25:58 INFO Found shop
05-Mar-2021 14:25:58 INFO Sending email to: Sprouts
05-Mar-2021 14:27:09 INFO 
05-Mar-2021 14:27:09 INFO Process Initiated
05-Mar-2021 14:27:09 INFO Selected mainshop: Broz Mart
05-Mar-2021 14:27:09 INFO Looking for shop: Broz Mart
05-Mar-2021 14:27:09 INFO Found shop
05-Mar-2021 14:27:09 INFO Sending email to: Broz Mart
05-Mar-2021 14:27:11 INFO Email sent to: Broz Mart
05-Mar-2021 14:27:11 INFO Selected mainshop: Almaya JLT
05-Mar-2021 14:27:11 INFO Looking for shop: Broz Mart
05-Mar-2021 14:27:11 WARNING Shop name not found
05-Mar-2021 14:27:11 INFO Looking for shop: Almaya JLT
05-Mar-2021 14:27:11 INFO Found shop
05-Mar-2021 14:27:11 INFO Selected mainshop: Almaya Al Barsha
05-Mar-2021 14:27:11 INFO Looking for shop: Broz Mart
05-Mar-2021 14:27:11 WARNING Shop name not found
05-Mar-2021 14:27:11 INFO Looking for shop: Almaya JLT
05-Mar-2021 14:27:11 WARNING Shop name not found
05-Mar-2021 14:27:11 INFO Looking for shop: Almaya Al Barsha
05-Mar-2021 14:27:11 INFO Found shop
05-Mar-2021 14:27:11 INFO Selected mainshop: Almaya Burjuman
05-Mar-2021 14:27:11 INFO Looking for shop: Broz Mart
05-Mar-2021 14:27:11 WARNING Shop name not found
05-Mar-2021 14:27:11 INFO Looking for shop: Almaya JLT
05-Mar-2021 14:27:11 WARNING Shop name not found
05-Mar-2021 14:27:11 INFO Looking for shop: Almaya Al Barsha
05-Mar-2021 14:27:11 WARNING Shop name not found
05-Mar-2021 14:27:11 INFO Looking for shop: Almaya Burjuman
05-Mar-2021 14:27:11 INFO Found shop
05-Mar-2021 14:27:11 INFO Sending email to: Almaya
05-Mar-2021 14:27:13 INFO Email sent to: Almaya
05-Mar-2021 14:27:13 INFO Selected mainshop: Sprouts
05-Mar-2021 14:27:13 INFO Looking for shop: Broz Mart
05-Mar-2021 14:27:13 WARNING Shop name not found
05-Mar-2021 14:27:13 INFO Looking for shop: Almaya JLT
05-Mar-2021 14:27:13 WARNING Shop name not found
05-Mar-2021 14:27:13 INFO Looking for shop: Almaya Al Barsha
05-Mar-2021 14:27:13 WARNING Shop name not found
05-Mar-2021 14:27:13 INFO Looking for shop: Almaya Burjuman
05-Mar-2021 14:27:13 WARNING Shop name not found
05-Mar-2021 14:27:13 INFO Looking for shop: Sprouts
05-Mar-2021 14:27:13 INFO Found shop
05-Mar-2021 14:27:13 INFO Sending email to: Sprouts
05-Mar-2021 14:27:15 INFO Email sent to: Sprouts
16-Nov-2021 22:16:21 INFO 
16-Nov-2021 22:16:21 INFO Process Initiated
16-Nov-2021 22:16:21 INFO Selected mainshop: Broz Mart
16-Nov-2021 22:16:21 INFO Looking for shop: Broz Mart
16-Nov-2021 22:16:21 INFO Found shop
16-Nov-2021 22:16:21 INFO Sending email to: Broz Mart
16-Nov-2021 22:16:22 INFO Email aborted as no shop data found for: Broz Mart
16-Nov-2021 22:16:22 INFO Selected mainshop: Almaya JLT
16-Nov-2021 22:16:22 INFO Looking for shop: Broz Mart
16-Nov-2021 22:16:22 WARNING Shop name not found
16-Nov-2021 22:16:22 INFO Looking for shop: Almaya JLT
16-Nov-2021 22:16:22 INFO Found shop
16-Nov-2021 22:16:22 INFO Selected mainshop: Almaya Al Barsha
16-Nov-2021 22:16:22 INFO Looking for shop: Broz Mart
16-Nov-2021 22:16:22 WARNING Shop name not found
16-Nov-2021 22:16:22 INFO Looking for shop: Almaya JLT
16-Nov-2021 22:16:22 WARNING Shop name not found
16-Nov-2021 22:16:22 INFO Looking for shop: Almaya Al Barsha
16-Nov-2021 22:16:22 INFO Found shop
16-Nov-2021 22:16:22 INFO Selected mainshop: Almaya Burjuman
16-Nov-2021 22:16:22 INFO Looking for shop: Broz Mart
16-Nov-2021 22:16:22 WARNING Shop name not found
16-Nov-2021 22:16:22 INFO Looking for shop: Almaya JLT
16-Nov-2021 22:16:22 WARNING Shop name not found
16-Nov-2021 22:16:22 INFO Looking for shop: Almaya Al Barsha
16-Nov-2021 22:16:22 WARNING Shop name not found
16-Nov-2021 22:16:22 INFO Looking for shop: Almaya Burjuman
16-Nov-2021 22:16:22 INFO Found shop
16-Nov-2021 22:16:22 INFO Sending email to: Almaya
16-Nov-2021 22:16:22 INFO Email aborted as no shop data found for: Almaya
16-Nov-2021 22:16:22 INFO Selected mainshop: Sprouts
16-Nov-2021 22:16:22 INFO Looking for shop: Broz Mart
16-Nov-2021 22:16:22 WARNING Shop name not found
16-Nov-2021 22:16:22 INFO Looking for shop: Almaya JLT
16-Nov-2021 22:16:22 WARNING Shop name not found
16-Nov-2021 22:16:22 INFO Looking for shop: Almaya Al Barsha
16-Nov-2021 22:16:22 WARNING Shop name not found
16-Nov-2021 22:16:22 INFO Looking for shop: Almaya Burjuman
16-Nov-2021 22:16:22 WARNING Shop name not found
16-Nov-2021 22:16:22 INFO Looking for shop: Sprouts
16-Nov-2021 22:16:22 INFO Found shop
16-Nov-2021 22:16:22 INFO Sending email to: Sprouts
16-Nov-2021 22:16:23 INFO Email aborted as no shop data found for: Sprouts
16-Nov-2021 22:20:00 INFO 
16-Nov-2021 22:20:00 INFO Process Initiated
16-Nov-2021 22:20:00 INFO Selected mainshop: Broz Mart
16-Nov-2021 22:20:00 INFO Looking for shop: Broz Mart
16-Nov-2021 22:20:00 INFO Found shop
16-Nov-2021 22:20:00 INFO Sending email to: Broz Mart
16-Nov-2021 22:20:01 INFO Email aborted as no shop data found for: Broz Mart
16-Nov-2021 22:20:01 INFO Selected mainshop: Almaya JLT
16-Nov-2021 22:20:01 INFO Looking for shop: Broz Mart
16-Nov-2021 22:20:01 WARNING Shop name not found
16-Nov-2021 22:20:01 INFO Looking for shop: Almaya JLT
16-Nov-2021 22:20:01 INFO Found shop
16-Nov-2021 22:20:01 INFO Selected mainshop: Almaya Al Barsha
16-Nov-2021 22:20:01 INFO Looking for shop: Broz Mart
16-Nov-2021 22:20:01 WARNING Shop name not found
16-Nov-2021 22:20:01 INFO Looking for shop: Almaya JLT
16-Nov-2021 22:20:01 WARNING Shop name not found
16-Nov-2021 22:20:01 INFO Looking for shop: Almaya Al Barsha
16-Nov-2021 22:20:01 INFO Found shop
16-Nov-2021 22:20:01 INFO Selected mainshop: Almaya Burjuman
16-Nov-2021 22:20:01 INFO Looking for shop: Broz Mart
16-Nov-2021 22:20:01 WARNING Shop name not found
16-Nov-2021 22:20:01 INFO Looking for shop: Almaya JLT
16-Nov-2021 22:20:01 WARNING Shop name not found
16-Nov-2021 22:20:01 INFO Looking for shop: Almaya Al Barsha
16-Nov-2021 22:20:01 WARNING Shop name not found
16-Nov-2021 22:20:01 INFO Looking for shop: Almaya Burjuman
16-Nov-2021 22:20:01 INFO Found shop
16-Nov-2021 22:20:01 INFO Sending email to: Almaya
16-Nov-2021 22:20:02 INFO Email aborted as no shop data found for: Almaya
16-Nov-2021 22:20:02 INFO Selected mainshop: Sprouts
16-Nov-2021 22:20:02 INFO Looking for shop: Broz Mart
16-Nov-2021 22:20:02 WARNING Shop name not found
16-Nov-2021 22:20:02 INFO Looking for shop: Almaya JLT
16-Nov-2021 22:20:02 WARNING Shop name not found
16-Nov-2021 22:20:02 INFO Looking for shop: Almaya Al Barsha
16-Nov-2021 22:20:02 WARNING Shop name not found
16-Nov-2021 22:20:02 INFO Looking for shop: Almaya Burjuman
16-Nov-2021 22:20:02 WARNING Shop name not found
16-Nov-2021 22:20:02 INFO Looking for shop: Sprouts
16-Nov-2021 22:20:02 INFO Found shop
16-Nov-2021 22:20:02 INFO Sending email to: Sprouts
16-Nov-2021 22:20:02 INFO Email aborted as no shop data found for: Sprouts
16-Nov-2021 22:20:09 INFO 
16-Nov-2021 22:20:09 INFO Process Initiated
16-Nov-2021 22:20:09 INFO Selected mainshop: Broz Mart
16-Nov-2021 22:20:09 INFO Looking for shop: Broz Mart
16-Nov-2021 22:20:09 INFO Found shop
16-Nov-2021 22:21:08 INFO Sending email to: Broz Mart
16-Nov-2021 22:23:36 INFO 
16-Nov-2021 22:23:36 INFO Process Initiated
16-Nov-2021 22:23:36 INFO Selected mainshop: Broz Mart
16-Nov-2021 22:23:36 INFO Looking for shop: Broz Mart
16-Nov-2021 22:23:36 INFO Found shop
16-Nov-2021 22:23:48 INFO Sending email to: Broz Mart
16-Nov-2021 22:23:49 INFO Email aborted as no shop data found for: Broz Mart
16-Nov-2021 22:23:49 INFO Selected mainshop: Almaya JLT
16-Nov-2021 22:23:49 INFO Looking for shop: Broz Mart
16-Nov-2021 22:23:49 WARNING Shop name not found
16-Nov-2021 22:23:49 INFO Looking for shop: Almaya JLT
16-Nov-2021 22:23:49 INFO Found shop
16-Nov-2021 22:23:51 INFO Selected mainshop: Almaya Al Barsha
16-Nov-2021 22:23:51 INFO Looking for shop: Broz Mart
16-Nov-2021 22:23:51 WARNING Shop name not found
16-Nov-2021 22:23:51 INFO Looking for shop: Almaya JLT
16-Nov-2021 22:23:51 WARNING Shop name not found
16-Nov-2021 22:23:51 INFO Looking for shop: Almaya Al Barsha
16-Nov-2021 22:23:51 INFO Found shop
16-Nov-2021 22:23:53 INFO Selected mainshop: Almaya Burjuman
16-Nov-2021 22:23:53 INFO Looking for shop: Broz Mart
16-Nov-2021 22:23:53 WARNING Shop name not found
16-Nov-2021 22:23:53 INFO Looking for shop: Almaya JLT
16-Nov-2021 22:23:53 WARNING Shop name not found
16-Nov-2021 22:23:53 INFO Looking for shop: Almaya Al Barsha
16-Nov-2021 22:23:53 WARNING Shop name not found
16-Nov-2021 22:23:53 INFO Looking for shop: Almaya Burjuman
16-Nov-2021 22:23:53 INFO Found shop
16-Nov-2021 22:23:55 INFO Sending email to: Almaya
16-Nov-2021 22:23:55 INFO Email aborted as no shop data found for: Almaya
16-Nov-2021 22:23:55 INFO Selected mainshop: Sprouts
16-Nov-2021 22:23:55 INFO Looking for shop: Broz Mart
16-Nov-2021 22:23:55 WARNING Shop name not found
16-Nov-2021 22:23:55 INFO Looking for shop: Almaya JLT
16-Nov-2021 22:23:55 WARNING Shop name not found
16-Nov-2021 22:23:55 INFO Looking for shop: Almaya Al Barsha
16-Nov-2021 22:23:55 WARNING Shop name not found
16-Nov-2021 22:23:55 INFO Looking for shop: Almaya Burjuman
16-Nov-2021 22:23:55 WARNING Shop name not found
16-Nov-2021 22:23:55 INFO Looking for shop: Sprouts
16-Nov-2021 22:23:55 INFO Found shop
16-Nov-2021 22:23:57 INFO Sending email to: Sprouts
16-Nov-2021 22:23:57 INFO Email aborted as no shop data found for: Sprouts
16-Nov-2021 22:24:33 INFO 
16-Nov-2021 22:24:33 INFO Process Initiated
16-Nov-2021 22:24:33 INFO Selected mainshop: Broz Mart
16-Nov-2021 22:24:33 INFO Looking for shop: Broz Mart
16-Nov-2021 22:24:33 INFO Found shop
16-Nov-2021 22:24:46 INFO Sending email to: Broz Mart
16-Nov-2021 22:42:53 INFO 
16-Nov-2021 22:42:53 INFO Process Initiated
16-Nov-2021 22:42:53 INFO Selected mainshop: Broz Mart
16-Nov-2021 22:42:53 INFO Looking for shop: Broz Mart
16-Nov-2021 22:42:53 INFO Found shop
16-Nov-2021 22:42:53 INFO Sending email to: Broz Mart
16-Nov-2021 22:42:54 ERROR Email aborted as no shop data found for: Broz Mart
16-Nov-2021 22:42:54 INFO Selected mainshop: Almaya JLT
16-Nov-2021 22:42:54 INFO Looking for shop: Broz Mart
16-Nov-2021 22:42:54 WARNING Shop name not found
16-Nov-2021 22:42:54 INFO Looking for shop: Almaya JLT
16-Nov-2021 22:42:54 INFO Found shop
16-Nov-2021 22:42:54 INFO Selected mainshop: Almaya Al Barsha
16-Nov-2021 22:42:54 INFO Looking for shop: Broz Mart
16-Nov-2021 22:42:54 WARNING Shop name not found
16-Nov-2021 22:42:54 INFO Looking for shop: Almaya JLT
16-Nov-2021 22:42:54 WARNING Shop name not found
16-Nov-2021 22:42:54 INFO Looking for shop: Almaya Al Barsha
16-Nov-2021 22:42:54 INFO Found shop
16-Nov-2021 22:42:54 INFO Selected mainshop: Almaya Burjuman
16-Nov-2021 22:42:54 INFO Looking for shop: Broz Mart
16-Nov-2021 22:42:54 WARNING Shop name not found
16-Nov-2021 22:42:54 INFO Looking for shop: Almaya JLT
16-Nov-2021 22:42:54 WARNING Shop name not found
16-Nov-2021 22:42:54 INFO Looking for shop: Almaya Al Barsha
16-Nov-2021 22:42:54 WARNING Shop name not found
16-Nov-2021 22:42:54 INFO Looking for shop: Almaya Burjuman
16-Nov-2021 22:42:54 INFO Found shop
16-Nov-2021 22:42:54 INFO Sending email to: Almaya
16-Nov-2021 22:42:55 ERROR Email aborted as no shop data found for: Almaya
16-Nov-2021 22:42:55 INFO Selected mainshop: Sprouts
16-Nov-2021 22:42:55 INFO Looking for shop: Broz Mart
16-Nov-2021 22:42:55 WARNING Shop name not found
16-Nov-2021 22:42:55 INFO Looking for shop: Almaya JLT
16-Nov-2021 22:42:55 WARNING Shop name not found
16-Nov-2021 22:42:55 INFO Looking for shop: Almaya Al Barsha
16-Nov-2021 22:42:55 WARNING Shop name not found
16-Nov-2021 22:42:55 INFO Looking for shop: Almaya Burjuman
16-Nov-2021 22:42:55 WARNING Shop name not found
16-Nov-2021 22:42:55 INFO Looking for shop: Sprouts
16-Nov-2021 22:42:55 INFO Found shop
16-Nov-2021 22:42:55 INFO Sending email to: Sprouts
16-Nov-2021 22:42:56 ERROR Email aborted as no shop data found for: Sprouts
